2023.07.08 12:52:20 INFO  Started: Metals version 0.11.12 in workspace 'D:\Campus\2nd Year\1st sem\2204-Functional Programming\LAB SHEETS\Lab sheet 04' for client Visual Studio Code 1.80.0.
Jul 08, 2023 12:52:21 PM org.flywaydb.core.internal.license.VersionPrinter printVersionOnly
INFO: Flyway Community Edition 9.16.3 by Redgate
Jul 08, 2023 12:52:21 PM org.flywaydb.core.internal.license.VersionPrinter printVersion
INFO: See release notes here: https://rd.gt/416ObMi
Jul 08, 2023 12:52:21 PM org.flywaydb.core.internal.license.VersionPrinter printVersion
INFO: 
Jul 08, 2023 12:52:21 PM org.flywaydb.core.internal.database.base.BaseDatabaseType createDatabase
INFO: Database: jdbc:h2:file:D:\Campus\2nd Year\1st sem\2204-Functional Programming\LAB SHEETS\Lab sheet 04\.metals\metals (H2 2.1)
Jul 08, 2023 12:52:21 PM org.flywaydb.core.internal.schemahistory.JdbcTableSchemaHistory allAppliedMigrations
INFO: Schema history table "PUBLIC"."flyway_schema_history" does not exist yet
Jul 08, 2023 12:52:21 PM org.flywaydb.core.internal.command.DbValidate validate
INFO: Successfully validated 4 migrations (execution time 00:00.015s)
Jul 08, 2023 12:52:21 PM org.flywaydb.core.internal.schemahistory.JdbcTableSchemaHistory create
INFO: Creating Schema History table "PUBLIC"."flyway_schema_history" ...
Jul 08, 2023 12:52:21 PM org.flywaydb.core.internal.command.DbMigrate migrateGroup
INFO: Current version of schema "PUBLIC": << Empty Schema >>
Jul 08, 2023 12:52:21 PM org.flywaydb.core.internal.command.DbMigrate doMigrateGroup
INFO: Migrating schema "PUBLIC" to version "1 - Create tables"
Jul 08, 2023 12:52:21 PM org.flywaydb.core.internal.command.DbMigrate doMigrateGroup
INFO: Migrating schema "PUBLIC" to version "2 - Server discovery"
Jul 08, 2023 12:52:21 PM org.flywaydb.core.internal.command.DbMigrate doMigrateGroup
INFO: Migrating schema "PUBLIC" to version "3 - Jar symbols"
Jul 08, 2023 12:52:21 PM org.flywaydb.core.internal.command.DbMigrate doMigrateGroup
INFO: Migrating schema "PUBLIC" to version "4 - Fingerprints"
Jul 08, 2023 12:52:21 PM org.flywaydb.core.internal.command.DbMigrate logSummary
INFO: Successfully applied 4 migrations to schema "PUBLIC", now at version v4 (execution time 00:00.051s)
2023.07.08 12:52:21 INFO  time: initialize in 0.61s
2023.07.08 12:52:21 WARN  Build server is not auto-connectable.
2023.07.08 12:52:21 WARN  no build tool detected in workspace 'D:\Campus\2nd Year\1st sem\2204-Functional Programming\LAB SHEETS\Lab sheet 04'. The most common cause for this problem is that the editor was opened in the wrong working directory, for example if you use sbt then the workspace directory should contain build.sbt. 
2023.07.08 12:52:28 INFO  Shutting down server
2023.07.08 12:52:28 INFO  shutting down Metals
2023.07.08 12:52:28 INFO  Exiting server
